<?xml version="1.0" encoding="UTF-8"?>
<testsuite xmlns:xsi="http://www.w3.org/2001/XMLSchema-instance" xsi:noNamespaceSchemaLocation="https://maven.apache.org/surefire/maven-surefire-plugin/xsd/surefire-test-report-3.0.xsd" version="3.0" name="com.example.project.ProjectApplicationTests" time="3.079" tests="1" errors="0" skipped="0" failures="0">
  <properties>
[...]
</properties>
  <testcase name="contextLoads" classname="com.example.project.ProjectApplicationTests" time="0.354">
    <system-out><![CDATA[14:05:47.944 [main] INFO org.springframework.test.context.support.AnnotationConfigContextLoaderUtils -- Could not detect default configuration classes for test class [com.example.project.ProjectApplicationTests]: ProjectApplicationTests does not declare any static, non-private, non-final, nested classes annotated with @Configuration.
14:05:48.006 [main] INFO org.springframework.boot.test.context.SpringBootTestContextBootstrapper -- Found @SpringBootConfiguration com.example.project.DalExchangeBackendApplication for test class com.example.project.ProjectApplicationTests
14:05:48.101 [main] INFO org.springframework.boot.devtools.restart.RestartApplicationListener -- Restart disabled due to context in which it is running
  .   ____          _            __ _ _
 /\\ / ___'_ __ _ _(_)_ __  __ _ \ \ \ \
( ( )\___ | '_ | '_| | '_ \/ _` | \ \ \ \
 \\/  ___)| |_)| | | | | || (_| |  ) ) ) )
  '  |____| .__|_| |_|_| |_\__, | / / / /
 =========|_|==============|___/=/_/_/_/

 :: Spring Boot ::                (v3.3.0)

2024-06-10T14:05:48.238-03:00  INFO 62840 --- [           main] c.e.project.ProjectApplicationTests      : Starting ProjectApplicationTests using Java 21.0.2 with PID 62840 (started by shivaniuppe in /Users/shivaniuppe/Downloads/project)
2024-06-10T14:05:48.239-03:00  INFO 62840 --- [           main] c.e.project.ProjectApplicationTests      : No active profile set, falling back to 1 default profile: "default"
2024-06-10T14:05:48.646-03:00  INFO 62840 --- [           main] .s.d.r.c.RepositoryConfigurationDelegate : Bootstrapping Spring Data JPA repositories in DEFAULT mode.
2024-06-10T14:05:48.676-03:00  INFO 62840 --- [           main] .s.d.r.c.RepositoryConfigurationDelegate : Finished Spring Data repository scanning in 25 ms. Found 2 JPA repository interfaces.
2024-06-10T14:05:48.965-03:00  INFO 62840 --- [           main] o.hibernate.jpa.internal.util.LogHelper  : HHH000204: Processing PersistenceUnitInfo [name: default]
2024-06-10T14:05:49.005-03:00  INFO 62840 --- [           main] org.hibernate.Version                    : HHH000412: Hibernate ORM core version 6.5.2.Final
2024-06-10T14:05:49.028-03:00  INFO 62840 --- [           main] o.h.c.internal.RegionFactoryInitiator    : HHH000026: Second-level cache disabled
2024-06-10T14:05:49.223-03:00  INFO 62840 --- [           main] o.s.o.j.p.SpringPersistenceUnitInfo      : No LoadTimeWeaver setup: ignoring JPA class transformer
2024-06-10T14:05:49.240-03:00  INFO 62840 --- [           main] com.zaxxer.hikari.HikariDataSource       : HikariPool-1 - Starting...
2024-06-10T14:05:49.352-03:00  INFO 62840 --- [           main] com.zaxxer.hikari.pool.HikariPool        : HikariPool-1 - Added connection conn0: url=jdbc:h2:mem:testdb user=SA
2024-06-10T14:05:49.353-03:00  INFO 62840 --- [           main] com.zaxxer.hikari.HikariDataSource       : HikariPool-1 - Start completed.
2024-06-10T14:05:49.371-03:00  WARN 62840 --- [           main] org.hibernate.orm.deprecation            : HHH90000025: H2Dialect does not need to be specified explicitly using 'hibernate.dialect' (remove the property setting and it will be selected by default)
2024-06-10T14:05:49.899-03:00  INFO 62840 --- [           main] o.h.e.t.j.p.i.JtaPlatformInitiator       : HHH000489: No JTA platform available (set 'hibernate.transaction.jta.platform' to enable JTA platform integration)
2024-06-10T14:05:49.942-03:00  INFO 62840 --- [           main] j.LocalContainerEntityManagerFactoryBean : Initialized JPA EntityManagerFactory for persistence unit 'default'
2024-06-10T14:05:50.230-03:00  WARN 62840 --- [           main] JpaBaseConfiguration$JpaWebConfiguration : spring.jpa.open-in-view is enabled by default. Therefore, database queries may be performed during view rendering. Explicitly configure spring.jpa.open-in-view to disable this warning
2024-06-10T14:05:50.436-03:00  WARN 62840 --- [           main] .s.s.UserDetailsServiceAutoConfiguration : 

Using generated security password: 5ecc891c-d56d-434d-8c4d-9642149ca707

This generated password is for development use only. Your security configuration must be updated before running your application in production.

2024-06-10T14:05:50.455-03:00  INFO 62840 --- [           main] r$InitializeUserDetailsManagerConfigurer : Global AuthenticationManager configured with UserDetailsService bean with name inMemoryUserDetailsManager
2024-06-10T14:05:50.511-03:00  INFO 62840 --- [           main] o.s.s.web.DefaultSecurityFilterChain     : Will secure any request with [org.springframework.security.web.session.DisableEncodeUrlFilter@7db63a01, org.springframework.security.web.context.request.async.WebAsyncManagerIntegrationFilter@423791, org.springframework.security.web.context.SecurityContextHolderFilter@130ad58d, org.springframework.security.web.header.HeaderWriterFilter@24ea71d, org.springframework.web.filter.CorsFilter@3aac31b7, org.springframework.security.web.csrf.CsrfFilter@60493524, org.springframework.security.web.authentication.logout.LogoutFilter@6d71f296, org.springframework.security.web.authentication.UsernamePasswordAuthenticationFilter@159314ca, org.springframework.security.web.authentication.ui.DefaultLoginPageGeneratingFilter@31c29db1, org.springframework.security.web.authentication.ui.DefaultLogoutPageGeneratingFilter@57def953, org.springframework.security.web.authentication.www.BasicAuthenticationFilter@7a90f33d, org.springframework.security.web.savedrequest.RequestCacheAwareFilter@383a5260, org.springframework.security.web.servletapi.SecurityContextHolderAwareRequestFilter@ce5a2ea, org.springframework.security.web.authentication.AnonymousAuthenticationFilter@1bf4a79b, org.springframework.security.web.access.ExceptionTranslationFilter@7ec729be, org.springframework.security.web.access.intercept.AuthorizationFilter@7305191e]
2024-06-10T14:05:50.542-03:00  INFO 62840 --- [           main] c.e.project.ProjectApplicationTests      : Started ProjectApplicationTests in 2.45 seconds (process running for 3.033)
]]></system-out>
    <system-err><![CDATA[WARNING: A Java agent has been loaded dynamically (/Users/shivaniuppe/.m2/repository/net/bytebuddy/byte-buddy-agent/1.14.16/byte-buddy-agent-1.14.16.jar)
WARNING: If a serviceability tool is in use, please run with -XX:+EnableDynamicAgentLoading to hide this warning
WARNING: If a serviceability tool is not in use, please run with -Djdk.instrument.traceUsage for more information
WARNING: Dynamic loading of agents will be disallowed by default in a future release
]]></system-err>
  </testcase>
</testsuite>